<?xml version="1.0" encoding="UTF-8"?>
<testsuite xmlns:xsi="http://www.w3.org/2001/XMLSchema-instance" xsi:noNamespaceSchemaLocation="https://maven.apache.org/surefire/maven-surefire-plugin/xsd/surefire-test-report.xsd" name="com.example.demo.controllers.CartControllerTest" time="8.57" tests="4" errors="0" skipped="0" failures="0">
  <properties>
[...]
</properties>
  <testcase name="addToCart_happyPath" classname="com.example.demo.controllers.CartControllerTest" time="0.577"/>
  <testcase name="addToCart_failure_userDoesNotExist" classname="com.example.demo.controllers.CartControllerTest" time="0.515"/>
  <testcase name="addToCart_failure_itemDoesNotExist" classname="com.example.demo.controllers.CartControllerTest" time="0.421"/>
  <testcase name="removeFromCartSuccess" classname="com.example.demo.controllers.CartControllerTest" time="0.38"/>
</testsuite>